# JRE version: Java(TM) SE Runtime Environment (17.0.6+9) (build 17.0.6+9-LTS-190)
# Java VM: Java HotSpot(TM) 64-Bit Server VM (17.0.6+9-LTS-190, mixed mode, sharing, tiered, compressed oops, compressed class ptrs, g1 gc, windows-amd64)
GC Precious Log:
 CPUs: 32 total, 32 available
 Memory: 16002M
 Large Page Support: Disabled
 NUMA Support: Disabled
 Compressed Oops: Enabled (Zero based)
 Heap Region Size: 2M
 Heap Min Capacity: 8M
 Heap Initial Capacity: 252M
 Heap Max Capacity: 4002M
 Pre-touch: Disabled
 Parallel Workers: 23
 Concurrent Workers: 6
 Concurrent Refinement Workers: 23
 Periodic GC: Disabled
Heap:
 garbage-first heap   total 212992K, used 88502K [0x0000000705e00000, 0x0000000800000000)
  region size 2048K, 21 young (43008K), 6 survivors (12288K)
 Metaspace       used 34462K, committed 34816K, reserved 1081344K
  class space    used 3926K, committed 4096K, reserved 1048576K
GC Heap History (20 events):
Event: 0.390 GC heap before
{Heap before GC invocations=0 (full 0):
 garbage-first heap   total 258048K, used 22528K [0x0000000705e00000, 0x0000000800000000)
  region size 2048K, 11 young (22528K), 0 survivors (0K)
 Metaspace       used 5452K, committed 5696K, reserved 1056768K
  class space    used 650K, committed 768K, reserved 1048576K
}
Event: 0.392 GC heap after
{Heap after GC invocations=1 (full 0):
 garbage-first heap   total 258048K, used 3895K [0x0000000705e00000, 0x0000000800000000)
  region size 2048K, 2 young (4096K), 2 survivors (4096K)
 Metaspace       used 5452K, committed 5696K, reserved 1056768K
  class space    used 650K, committed 768K, reserved 1048576K
}
Event: 0.633 GC heap before
{Heap before GC invocations=1 (full 0):
 garbage-first heap   total 258048K, used 36663K [0x0000000705e00000, 0x0000000800000000)
  region size 2048K, 18 young (36864K), 2 survivors (4096K)
 Metaspace       used 9732K, committed 9920K, reserved 1064960K
  class space    used 1176K, committed 1280K, reserved 1048576K
}
Event: 0.635 GC heap after
{Heap after GC invocations=2 (full 0):
 garbage-first heap   total 258048K, used 5434K [0x0000000705e00000, 0x0000000800000000)
  region size 2048K, 1 young (2048K), 1 survivors (2048K)
 Metaspace       used 9732K, committed 9920K, reserved 1064960K
  class space    used 1176K, committed 1280K, reserved 1048576K
}
Event: 1.956 GC heap before
{Heap before GC invocations=2 (full 0):
 garbage-first heap   total 258048K, used 156986K [0x0000000705e00000, 0x0000000800000000)
  region size 2048K, 75 young (153600K), 1 survivors (2048K)
 Metaspace       used 16462K, committed 16640K, reserved 1064960K
  class space    used 1867K, committed 1920K, reserved 1048576K
}
Event: 1.962 GC heap after
{Heap after GC invocations=3 (full 0):
 garbage-first heap   total 258048K, used 16753K [0x0000000705e00000, 0x0000000800000000)
  region size 2048K, 7 young (14336K), 7 survivors (14336K)
 Metaspace       used 16462K, committed 16640K, reserved 1064960K
  class space    used 1867K, committed 1920K, reserved 1048576K
}
Event: 2.733 GC heap before
{Heap before GC invocations=3 (full 0):
 garbage-first heap   total 258048K, used 86385K [0x0000000705e00000, 0x0000000800000000)
  region size 2048K, 40 young (81920K), 7 survivors (14336K)
 Metaspace       used 21193K, committed 21504K, reserved 1073152K
  class space    used 2396K, committed 2560K, reserved 1048576K
}
Event: 2.738 GC heap after
{Heap after GC invocations=4 (full 0):
 garbage-first heap   total 258048K, used 26164K [0x0000000705e00000, 0x0000000800000000)
  region size 2048K, 4 young (8192K), 4 survivors (8192K)
 Metaspace       used 21193K, committed 21504K, reserved 1073152K
  class space    used 2396K, committed 2560K, reserved 1048576K
}
Event: 3.236 GC heap before
{Heap before GC invocations=5 (full 0):
 garbage-first heap   total 102400K, used 77364K [0x0000000705e00000, 0x0000000800000000)
  region size 2048K, 30 young (61440K), 4 survivors (8192K)
 Metaspace       used 26650K, committed 27008K, reserved 1073152K
  class space    used 3051K, committed 3200K, reserved 1048576K
}
Event: 3.242 GC heap after
{Heap after GC invocations=6 (full 0):
 garbage-first heap   total 106496K, used 42206K [0x0000000705e00000, 0x0000000800000000)
  region size 2048K, 4 young (8192K), 4 survivors (8192K)
 Metaspace       used 26650K, committed 27008K, reserved 1073152K
  class space    used 3051K, committed 3200K, reserved 1048576K
}
Event: 3.251 GC heap before
{Heap before GC invocations=6 (full 0):
 garbage-first heap   total 106496K, used 44254K [0x0000000705e00000, 0x0000000800000000)
  region size 2048K, 5 young (10240K), 4 survivors (8192K)
 Metaspace       used 26692K, committed 27008K, reserved 1073152K
  class space    used 3054K, committed 3200K, reserved 1048576K
}
Event: 3.255 GC heap after
{Heap after GC invocations=7 (full 0):
 garbage-first heap   total 106496K, used 43981K [0x0000000705e00000, 0x0000000800000000)
  region size 2048K, 1 young (2048K), 1 survivors (2048K)
 Metaspace       used 26692K, committed 27008K, reserved 1073152K
  class space    used 3054K, committed 3200K, reserved 1048576K
}
Event: 3.467 GC heap before
{Heap before GC invocations=7 (full 0):
 garbage-first heap   total 106496K, used 72653K [0x0000000705e00000, 0x0000000800000000)
  region size 2048K, 16 young (32768K), 1 survivors (2048K)
 Metaspace       used 27864K, committed 28160K, reserved 1081344K
  class space    used 3178K, committed 3328K, reserved 1048576K
}
Event: 3.472 GC heap after
{Heap after GC invocations=8 (full 0):
 garbage-first heap   total 106496K, used 46844K [0x0000000705e00000, 0x0000000800000000)
  region size 2048K, 2 young (4096K), 2 survivors (4096K)
 Metaspace       used 27864K, committed 28160K, reserved 1081344K
  class space    used 3178K, committed 3328K, reserved 1048576K
}
Event: 3.747 GC heap before
{Heap before GC invocations=8 (full 0):
 garbage-first heap   total 106496K, used 75516K [0x0000000705e00000, 0x0000000800000000)
  region size 2048K, 17 young (34816K), 2 survivors (4096K)
 Metaspace       used 29886K, committed 30272K, reserved 1081344K
  class space    used 3425K, committed 3584K, reserved 1048576K
}
Event: 3.752 GC heap after
{Heap after GC invocations=9 (full 0):
 garbage-first heap   total 106496K, used 48966K [0x0000000705e00000, 0x0000000800000000)
  region size 2048K, 1 young (2048K), 1 survivors (2048K)
 Metaspace       used 29886K, committed 30272K, reserved 1081344K
  class space    used 3425K, committed 3584K, reserved 1048576K
}
Event: 3.852 GC heap before
{Heap before GC invocations=9 (full 0):
 garbage-first heap   total 106496K, used 53062K [0x0000000705e00000, 0x0000000800000000)
  region size 2048K, 4 young (8192K), 1 survivors (2048K)
 Metaspace       used 29910K, committed 30272K, reserved 1081344K
  class space    used 3425K, committed 3584K, reserved 1048576K
}
Event: 3.856 GC heap after
{Heap after GC invocations=10 (full 0):
 garbage-first heap   total 212992K, used 48786K [0x0000000705e00000, 0x0000000800000000)
  region size 2048K, 1 young (2048K), 1 survivors (2048K)
 Metaspace       used 29910K, committed 30272K, reserved 1081344K
  class space    used 3425K, committed 3584K, reserved 1048576K
}
Event: 4.551 GC heap before
{Heap before GC invocations=10 (full 0):
 garbage-first heap   total 212992K, used 153234K [0x0000000705e00000, 0x0000000800000000)
  region size 2048K, 51 young (104448K), 1 survivors (2048K)
 Metaspace       used 31416K, committed 31808K, reserved 1081344K
  class space    used 3587K, committed 3712K, reserved 1048576K
}
Event: 4.555 GC heap after
{Heap after GC invocations=11 (full 0):
 garbage-first heap   total 212992K, used 59830K [0x0000000705e00000, 0x0000000800000000)
  region size 2048K, 6 young (12288K), 6 survivors (12288K)
 Metaspace       used 31416K, committed 31808K, reserved 1081344K
  class space    used 3587K, committed 3712K, reserved 1048576K
}

