# JRE version: Java(TM) SE Runtime Environment (17.0.6+9) (build 17.0.6+9-LTS-190)
# Java VM: Java HotSpot(TM) 64-Bit Server VM (17.0.6+9-LTS-190, mixed mode, sharing, tiered, compressed oops, compressed class ptrs, g1 gc, windows-amd64)
GC Precious Log:
 CPUs: 32 total, 32 available
 Memory: 16002M
 Large Page Support: Disabled
 NUMA Support: Disabled
 Compressed Oops: Enabled (Zero based)
 Heap Region Size: 2M
 Heap Min Capacity: 8M
 Heap Initial Capacity: 252M
 Heap Max Capacity: 4002M
 Pre-touch: Disabled
 Parallel Workers: 23
 Concurrent Workers: 6
 Concurrent Refinement Workers: 23
 Periodic GC: Disabled
Heap:
 garbage-first heap   total 210944K, used 136486K [0x0000000705e00000, 0x0000000800000000)
  region size 2048K, 35 young (71680K), 3 survivors (6144K)
 Metaspace       used 35454K, committed 35840K, reserved 1081344K
  class space    used 4108K, committed 4288K, reserved 1048576K
GC Heap History (18 events):
Event: 0.289 GC heap before
{Heap before GC invocations=0 (full 0):
 garbage-first heap   total 258048K, used 22528K [0x0000000705e00000, 0x0000000800000000)
  region size 2048K, 11 young (22528K), 0 survivors (0K)
 Metaspace       used 5474K, committed 5696K, reserved 1056768K
  class space    used 653K, committed 768K, reserved 1048576K
}
Event: 0.291 GC heap after
{Heap after GC invocations=1 (full 0):
 garbage-first heap   total 258048K, used 3883K [0x0000000705e00000, 0x0000000800000000)
  region size 2048K, 2 young (4096K), 2 survivors (4096K)
 Metaspace       used 5474K, committed 5696K, reserved 1056768K
  class space    used 653K, committed 768K, reserved 1048576K
}
Event: 0.528 GC heap before
{Heap before GC invocations=1 (full 0):
 garbage-first heap   total 258048K, used 34603K [0x0000000705e00000, 0x0000000800000000)
  region size 2048K, 18 young (36864K), 2 survivors (4096K)
 Metaspace       used 9572K, committed 9728K, reserved 1064960K
  class space    used 1156K, committed 1216K, reserved 1048576K
}
Event: 0.530 GC heap after
{Heap after GC invocations=2 (full 0):
 garbage-first heap   total 258048K, used 5316K [0x0000000705e00000, 0x0000000800000000)
  region size 2048K, 1 young (2048K), 1 survivors (2048K)
 Metaspace       used 9572K, committed 9728K, reserved 1064960K
  class space    used 1156K, committed 1216K, reserved 1048576K
}
Event: 1.559 GC heap before
{Heap before GC invocations=2 (full 0):
 garbage-first heap   total 258048K, used 156868K [0x0000000705e00000, 0x0000000800000000)
  region size 2048K, 75 young (153600K), 1 survivors (2048K)
 Metaspace       used 16408K, committed 16704K, reserved 1064960K
  class space    used 1867K, committed 1984K, reserved 1048576K
}
Event: 1.565 GC heap after
{Heap after GC invocations=3 (full 0):
 garbage-first heap   total 258048K, used 16596K [0x0000000705e00000, 0x0000000800000000)
  region size 2048K, 7 young (14336K), 7 survivors (14336K)
 Metaspace       used 16408K, committed 16704K, reserved 1064960K
  class space    used 1867K, committed 1984K, reserved 1048576K
}
Event: 2.294 GC heap before
{Heap before GC invocations=3 (full 0):
 garbage-first heap   total 258048K, used 88276K [0x0000000705e00000, 0x0000000800000000)
  region size 2048K, 41 young (83968K), 7 survivors (14336K)
 Metaspace       used 21212K, committed 21504K, reserved 1073152K
  class space    used 2394K, committed 2560K, reserved 1048576K
}
Event: 2.299 GC heap after
{Heap after GC invocations=4 (full 0):
 garbage-first heap   total 258048K, used 26051K [0x0000000705e00000, 0x0000000800000000)
  region size 2048K, 4 young (8192K), 4 survivors (8192K)
 Metaspace       used 21212K, committed 21504K, reserved 1073152K
  class space    used 2394K, committed 2560K, reserved 1048576K
}
Event: 2.787 GC heap before
{Heap before GC invocations=5 (full 0):
 garbage-first heap   total 102400K, used 79299K [0x0000000705e00000, 0x0000000800000000)
  region size 2048K, 30 young (61440K), 4 survivors (8192K)
 Metaspace       used 26686K, committed 27008K, reserved 1073152K
  class space    used 3052K, committed 3200K, reserved 1048576K
}
Event: 2.795 GC heap after
{Heap after GC invocations=6 (full 0):
 garbage-first heap   total 106496K, used 42098K [0x0000000705e00000, 0x0000000800000000)
  region size 2048K, 4 young (8192K), 4 survivors (8192K)
 Metaspace       used 26686K, committed 27008K, reserved 1073152K
  class space    used 3052K, committed 3200K, reserved 1048576K
}
Event: 2.806 GC heap before
{Heap before GC invocations=6 (full 0):
 garbage-first heap   total 106496K, used 44146K [0x0000000705e00000, 0x0000000800000000)
  region size 2048K, 5 young (10240K), 4 survivors (8192K)
 Metaspace       used 26732K, committed 27072K, reserved 1073152K
  class space    used 3055K, committed 3200K, reserved 1048576K
}
Event: 2.811 GC heap after
{Heap after GC invocations=7 (full 0):
 garbage-first heap   total 106496K, used 44333K [0x0000000705e00000, 0x0000000800000000)
  region size 2048K, 1 young (2048K), 1 survivors (2048K)
 Metaspace       used 26732K, committed 27072K, reserved 1073152K
  class space    used 3055K, committed 3200K, reserved 1048576K
}
Event: 3.024 GC heap before
{Heap before GC invocations=7 (full 0):
 garbage-first heap   total 106496K, used 75053K [0x0000000705e00000, 0x0000000800000000)
  region size 2048K, 16 young (32768K), 1 survivors (2048K)
 Metaspace       used 27983K, committed 28352K, reserved 1081344K
  class space    used 3187K, committed 3328K, reserved 1048576K
}
Event: 3.029 GC heap after
{Heap after GC invocations=8 (full 0):
 garbage-first heap   total 210944K, used 47062K [0x0000000705e00000, 0x0000000800000000)
  region size 2048K, 2 young (4096K), 2 survivors (4096K)
 Metaspace       used 27983K, committed 28352K, reserved 1081344K
  class space    used 3187K, committed 3328K, reserved 1048576K
}
Event: 3.736 GC heap before
{Heap before GC invocations=8 (full 0):
 garbage-first heap   total 210944K, used 139222K [0x0000000705e00000, 0x0000000800000000)
  region size 2048K, 46 young (94208K), 2 survivors (4096K)
 Metaspace       used 30064K, committed 30400K, reserved 1081344K
  class space    used 3426K, committed 3584K, reserved 1048576K
}
Event: 3.744 GC heap after
{Heap after GC invocations=9 (full 0):
 garbage-first heap   total 210944K, used 75281K [0x0000000705e00000, 0x0000000800000000)
  region size 2048K, 6 young (12288K), 6 survivors (12288K)
 Metaspace       used 30064K, committed 30400K, reserved 1081344K
  class space    used 3426K, committed 3584K, reserved 1048576K
}
Event: 4.218 GC heap before
{Heap before GC invocations=9 (full 0):
 garbage-first heap   total 210944K, used 140817K [0x0000000705e00000, 0x0000000800000000)
  region size 2048K, 38 young (77824K), 6 survivors (12288K)
 Metaspace       used 32330K, committed 32832K, reserved 1081344K
  class space    used 3657K, committed 3904K, reserved 1048576K
}
Event: 4.222 GC heap after
{Heap after GC invocations=10 (full 0):
 garbage-first heap   total 210944K, used 75046K [0x0000000705e00000, 0x0000000800000000)
  region size 2048K, 3 young (6144K), 3 survivors (6144K)
 Metaspace       used 32330K, committed 32832K, reserved 1081344K
  class space    used 3657K, committed 3904K, reserved 1048576K
}

